/home/fsluiz/anaconda3/lib/python3.12/site-packages/scipy/sparse/linalg/_dsolve/linsolve.py:606: SparseEfficiencyWarning: splu converted its input to CSC format
  return splu(A).solve
/home/fsluiz/anaconda3/lib/python3.12/site-packages/scipy/sparse/linalg/_matfuncs.py:707: SparseEfficiencyWarning: spsolve is more efficient when sparse b is in the CSC matrix format
  return spsolve(Q, P)
Generating Erdős-Rényi test graphs...
Total graphs generated: 10
Generating Barabási-Albert test graphs...
Total graphs generated: 10
Generating non-complete regular graphs (ensuring uniqueness)...
  Attempting to generate 10 unique graphs for N=4, k=2...
  Warning: Only 1/10 unique graphs found for N=4, k=2.

Total graphs generated: 1 (all distinct)
Generating Erdős-Rényi test graphs...
Total graphs generated: 10
Generating Barabási-Albert test graphs...
Total graphs generated: 10
Generating non-complete regular graphs (ensuring uniqueness)...
  Attempting to generate 10 unique graphs for N=10, k=2...
  Warning: Only 1/10 unique graphs found for N=10, k=2.
  Attempting to generate 10 unique graphs for N=10, k=5...
  Warning: Only 1/10 unique graphs found for N=10, k=5.

Total graphs generated: 2 (all distinct)
Generating Erdős-Rényi test graphs...
Total graphs generated: 10
Generating Barabási-Albert test graphs...
Total graphs generated: 10
Generating non-complete regular graphs (ensuring uniqueness)...
  Attempting to generate 10 unique graphs for N=20, k=2...
  Warning: Only 1/10 unique graphs found for N=20, k=2.
  Attempting to generate 10 unique graphs for N=20, k=5...
  Warning: Only 1/10 unique graphs found for N=20, k=5.
  Attempting to generate 10 unique graphs for N=20, k=10...
  Warning: Only 1/10 unique graphs found for N=20, k=10.

Total graphs generated: 3 (all distinct)
Generating Erdős-Rényi test graphs...
Total graphs generated: 10
Generating Barabási-Albert test graphs...
Total graphs generated: 10
Generating non-complete regular graphs (ensuring uniqueness)...
  Attempting to generate 10 unique graphs for N=30, k=2...
  Warning: Only 1/10 unique graphs found for N=30, k=2.
  Attempting to generate 10 unique graphs for N=30, k=7...
  Warning: Only 1/10 unique graphs found for N=30, k=7.
  Attempting to generate 10 unique graphs for N=30, k=15...
  Warning: Only 1/10 unique graphs found for N=30, k=15.

Total graphs generated: 3 (all distinct)
Generating Erdős-Rényi test graphs...
Total graphs generated: 10
Generating Barabási-Albert test graphs...
Total graphs generated: 10
Generating non-complete regular graphs (ensuring uniqueness)...
  Attempting to generate 10 unique graphs for N=40, k=2...
  Warning: Only 1/10 unique graphs found for N=40, k=2.
  Attempting to generate 10 unique graphs for N=40, k=10...
  Warning: Only 1/10 unique graphs found for N=40, k=10.
  Attempting to generate 10 unique graphs for N=40, k=20...
  Warning: Only 1/10 unique graphs found for N=40, k=20.

Total graphs generated: 3 (all distinct)
Generating Erdős-Rényi test graphs...
Total graphs generated: 10
Generating Barabási-Albert test graphs...
Total graphs generated: 10
Generating non-complete regular graphs (ensuring uniqueness)...
  Attempting to generate 10 unique graphs for N=50, k=2...
  Warning: Only 1/10 unique graphs found for N=50, k=2.
  Attempting to generate 10 unique graphs for N=50, k=12...
  Warning: Only 1/10 unique graphs found for N=50, k=12.
  Attempting to generate 10 unique graphs for N=50, k=25...
  Warning: Only 1/10 unique graphs found for N=50, k=25.

Total graphs generated: 3 (all distinct)
  t=0.0010 done
Generating Erdős-Rényi test graphs...
Total graphs generated: 10
Generating Barabási-Albert test graphs...
Total graphs generated: 10
Generating non-complete regular graphs (ensuring uniqueness)...
  Attempting to generate 10 unique graphs for N=4, k=2...
  Warning: Only 1/10 unique graphs found for N=4, k=2.

Total graphs generated: 1 (all distinct)
Generating Erdős-Rényi test graphs...
Total graphs generated: 10
Generating Barabási-Albert test graphs...
Total graphs generated: 10
Generating non-complete regular graphs (ensuring uniqueness)...
  Attempting to generate 10 unique graphs for N=10, k=2...
  Warning: Only 1/10 unique graphs found for N=10, k=2.
  Attempting to generate 10 unique graphs for N=10, k=5...
  Warning: Only 1/10 unique graphs found for N=10, k=5.

Total graphs generated: 2 (all distinct)
Generating Erdős-Rényi test graphs...
Total graphs generated: 10
Generating Barabási-Albert test graphs...
Total graphs generated: 10
Generating non-complete regular graphs (ensuring uniqueness)...
  Attempting to generate 10 unique graphs for N=20, k=2...
  Warning: Only 1/10 unique graphs found for N=20, k=2.
  Attempting to generate 10 unique graphs for N=20, k=5...
  Warning: Only 1/10 unique graphs found for N=20, k=5.
  Attempting to generate 10 unique graphs for N=20, k=10...
  Warning: Only 1/10 unique graphs found for N=20, k=10.

Total graphs generated: 3 (all distinct)
Generating Erdős-Rényi test graphs...
Total graphs generated: 10
Generating Barabási-Albert test graphs...
Total graphs generated: 10
Generating non-complete regular graphs (ensuring uniqueness)...
  Attempting to generate 10 unique graphs for N=30, k=2...
  Warning: Only 1/10 unique graphs found for N=30, k=2.
  Attempting to generate 10 unique graphs for N=30, k=7...
  Warning: Only 1/10 unique graphs found for N=30, k=7.
  Attempting to generate 10 unique graphs for N=30, k=15...
  Warning: Only 1/10 unique graphs found for N=30, k=15.

Total graphs generated: 3 (all distinct)
Generating Erdős-Rényi test graphs...
Total graphs generated: 10
Generating Barabási-Albert test graphs...
Total graphs generated: 10
Generating non-complete regular graphs (ensuring uniqueness)...
  Attempting to generate 10 unique graphs for N=40, k=2...
  Warning: Only 1/10 unique graphs found for N=40, k=2.
  Attempting to generate 10 unique graphs for N=40, k=10...
  Warning: Only 1/10 unique graphs found for N=40, k=10.
  Attempting to generate 10 unique graphs for N=40, k=20...
  Warning: Only 1/10 unique graphs found for N=40, k=20.

Total graphs generated: 3 (all distinct)
Generating Erdős-Rényi test graphs...
Total graphs generated: 10
Generating Barabási-Albert test graphs...
Total graphs generated: 10
Generating non-complete regular graphs (ensuring uniqueness)...
  Attempting to generate 10 unique graphs for N=50, k=2...
  Warning: Only 1/10 unique graphs found for N=50, k=2.
  Attempting to generate 10 unique graphs for N=50, k=12...
  Warning: Only 1/10 unique graphs found for N=50, k=12.
  Attempting to generate 10 unique graphs for N=50, k=25...
  Warning: Only 1/10 unique graphs found for N=50, k=25.

Total graphs generated: 3 (all distinct)
  t=0.0015 done
Generating Erdős-Rényi test graphs...
Total graphs generated: 10
Generating Barabási-Albert test graphs...
Total graphs generated: 10
Generating non-complete regular graphs (ensuring uniqueness)...
  Attempting to generate 10 unique graphs for N=4, k=2...
  Warning: Only 1/10 unique graphs found for N=4, k=2.

Total graphs generated: 1 (all distinct)
Generating Erdős-Rényi test graphs...
Total graphs generated: 10
Generating Barabási-Albert test graphs...
Total graphs generated: 10
Generating non-complete regular graphs (ensuring uniqueness)...
  Attempting to generate 10 unique graphs for N=10, k=2...
  Warning: Only 1/10 unique graphs found for N=10, k=2.
  Attempting to generate 10 unique graphs for N=10, k=5...
  Warning: Only 1/10 unique graphs found for N=10, k=5.

Total graphs generated: 2 (all distinct)
Generating Erdős-Rényi test graphs...
Total graphs generated: 10
Generating Barabási-Albert test graphs...
Total graphs generated: 10
Generating non-complete regular graphs (ensuring uniqueness)...
  Attempting to generate 10 unique graphs for N=20, k=2...
  Warning: Only 1/10 unique graphs found for N=20, k=2.
  Attempting to generate 10 unique graphs for N=20, k=5...
  Warning: Only 1/10 unique graphs found for N=20, k=5.
  Attempting to generate 10 unique graphs for N=20, k=10...
  Warning: Only 1/10 unique graphs found for N=20, k=10.

Total graphs generated: 3 (all distinct)
Generating Erdős-Rényi test graphs...
Total graphs generated: 10
Generating Barabási-Albert test graphs...
Total graphs generated: 10
Generating non-complete regular graphs (ensuring uniqueness)...
  Attempting to generate 10 unique graphs for N=30, k=2...
  Warning: Only 1/10 unique graphs found for N=30, k=2.
  Attempting to generate 10 unique graphs for N=30, k=7...
  Warning: Only 1/10 unique graphs found for N=30, k=7.
  Attempting to generate 10 unique graphs for N=30, k=15...
  Warning: Only 1/10 unique graphs found for N=30, k=15.

Total graphs generated: 3 (all distinct)
Generating Erdős-Rényi test graphs...
Total graphs generated: 10
Generating Barabási-Albert test graphs...
Total graphs generated: 10
Generating non-complete regular graphs (ensuring uniqueness)...
  Attempting to generate 10 unique graphs for N=40, k=2...
  Warning: Only 1/10 unique graphs found for N=40, k=2.
  Attempting to generate 10 unique graphs for N=40, k=10...
  Warning: Only 1/10 unique graphs found for N=40, k=10.
  Attempting to generate 10 unique graphs for N=40, k=20...
  Warning: Only 1/10 unique graphs found for N=40, k=20.

Total graphs generated: 3 (all distinct)
Generating Erdős-Rényi test graphs...
Total graphs generated: 10
Generating Barabási-Albert test graphs...
Total graphs generated: 10
Generating non-complete regular graphs (ensuring uniqueness)...
  Attempting to generate 10 unique graphs for N=50, k=2...
  Warning: Only 1/10 unique graphs found for N=50, k=2.
  Attempting to generate 10 unique graphs for N=50, k=12...
  Warning: Only 1/10 unique graphs found for N=50, k=12.
  Attempting to generate 10 unique graphs for N=50, k=25...
  Warning: Only 1/10 unique graphs found for N=50, k=25.

Total graphs generated: 3 (all distinct)
  t=0.0022 done
Generating Erdős-Rényi test graphs...
Total graphs generated: 10
Generating Barabási-Albert test graphs...
Total graphs generated: 10
Generating non-complete regular graphs (ensuring uniqueness)...
  Attempting to generate 10 unique graphs for N=4, k=2...
  Warning: Only 1/10 unique graphs found for N=4, k=2.

Total graphs generated: 1 (all distinct)
Generating Erdős-Rényi test graphs...
Total graphs generated: 10
Generating Barabási-Albert test graphs...
Total graphs generated: 10
Generating non-complete regular graphs (ensuring uniqueness)...
  Attempting to generate 10 unique graphs for N=10, k=2...
  Warning: Only 1/10 unique graphs found for N=10, k=2.
  Attempting to generate 10 unique graphs for N=10, k=5...
  Warning: Only 1/10 unique graphs found for N=10, k=5.

Total graphs generated: 2 (all distinct)
Generating Erdős-Rényi test graphs...
Total graphs generated: 10
Generating Barabási-Albert test graphs...
Total graphs generated: 10
Generating non-complete regular graphs (ensuring uniqueness)...
  Attempting to generate 10 unique graphs for N=20, k=2...
  Warning: Only 1/10 unique graphs found for N=20, k=2.
  Attempting to generate 10 unique graphs for N=20, k=5...
  Warning: Only 1/10 unique graphs found for N=20, k=5.
  Attempting to generate 10 unique graphs for N=20, k=10...
  Warning: Only 1/10 unique graphs found for N=20, k=10.

Total graphs generated: 3 (all distinct)
Generating Erdős-Rényi test graphs...
Total graphs generated: 10
Generating Barabási-Albert test graphs...
Total graphs generated: 10
Generating non-complete regular graphs (ensuring uniqueness)...
  Attempting to generate 10 unique graphs for N=30, k=2...
  Warning: Only 1/10 unique graphs found for N=30, k=2.
  Attempting to generate 10 unique graphs for N=30, k=7...
  Warning: Only 1/10 unique graphs found for N=30, k=7.
  Attempting to generate 10 unique graphs for N=30, k=15...
  Warning: Only 1/10 unique graphs found for N=30, k=15.

Total graphs generated: 3 (all distinct)
Generating Erdős-Rényi test graphs...
Total graphs generated: 10
Generating Barabási-Albert test graphs...
Total graphs generated: 10
Generating non-complete regular graphs (ensuring uniqueness)...
  Attempting to generate 10 unique graphs for N=40, k=2...
  Warning: Only 1/10 unique graphs found for N=40, k=2.
  Attempting to generate 10 unique graphs for N=40, k=10...
  Warning: Only 1/10 unique graphs found for N=40, k=10.
  Attempting to generate 10 unique graphs for N=40, k=20...
  Warning: Only 1/10 unique graphs found for N=40, k=20.

Total graphs generated: 3 (all distinct)
Generating Erdős-Rényi test graphs...
Total graphs generated: 10
Generating Barabási-Albert test graphs...
Total graphs generated: 10
Generating non-complete regular graphs (ensuring uniqueness)...
  Attempting to generate 10 unique graphs for N=50, k=2...
  Warning: Only 1/10 unique graphs found for N=50, k=2.
  Attempting to generate 10 unique graphs for N=50, k=12...
  Warning: Only 1/10 unique graphs found for N=50, k=12.
  Attempting to generate 10 unique graphs for N=50, k=25...
  Warning: Only 1/10 unique graphs found for N=50, k=25.

Total graphs generated: 3 (all distinct)
  t=0.0032 done
Generating Erdős-Rényi test graphs...
Total graphs generated: 10
Generating Barabási-Albert test graphs...
Total graphs generated: 10
Generating non-complete regular graphs (ensuring uniqueness)...
  Attempting to generate 10 unique graphs for N=4, k=2...
  Warning: Only 1/10 unique graphs found for N=4, k=2.

Total graphs generated: 1 (all distinct)
Generating Erdős-Rényi test graphs...
Total graphs generated: 10
Generating Barabási-Albert test graphs...
Total graphs generated: 10
Generating non-complete regular graphs (ensuring uniqueness)...
  Attempting to generate 10 unique graphs for N=10, k=2...
  Warning: Only 1/10 unique graphs found for N=10, k=2.
  Attempting to generate 10 unique graphs for N=10, k=5...
  Warning: Only 1/10 unique graphs found for N=10, k=5.

Total graphs generated: 2 (all distinct)
Generating Erdős-Rényi test graphs...
Total graphs generated: 10
Generating Barabási-Albert test graphs...
Total graphs generated: 10
Generating non-complete regular graphs (ensuring uniqueness)...
  Attempting to generate 10 unique graphs for N=20, k=2...
  Warning: Only 1/10 unique graphs found for N=20, k=2.
  Attempting to generate 10 unique graphs for N=20, k=5...
  Warning: Only 1/10 unique graphs found for N=20, k=5.
  Attempting to generate 10 unique graphs for N=20, k=10...
  Warning: Only 1/10 unique graphs found for N=20, k=10.

Total graphs generated: 3 (all distinct)
Generating Erdős-Rényi test graphs...
Total graphs generated: 10
Generating Barabási-Albert test graphs...
Total graphs generated: 10
Generating non-complete regular graphs (ensuring uniqueness)...
  Attempting to generate 10 unique graphs for N=30, k=2...
  Warning: Only 1/10 unique graphs found for N=30, k=2.
  Attempting to generate 10 unique graphs for N=30, k=7...
  Warning: Only 1/10 unique graphs found for N=30, k=7.
  Attempting to generate 10 unique graphs for N=30, k=15...
  Warning: Only 1/10 unique graphs found for N=30, k=15.

Total graphs generated: 3 (all distinct)
Generating Erdős-Rényi test graphs...
Total graphs generated: 10
Generating Barabási-Albert test graphs...
Total graphs generated: 10
Generating non-complete regular graphs (ensuring uniqueness)...
  Attempting to generate 10 unique graphs for N=40, k=2...
  Warning: Only 1/10 unique graphs found for N=40, k=2.
  Attempting to generate 10 unique graphs for N=40, k=10...
  Warning: Only 1/10 unique graphs found for N=40, k=10.
  Attempting to generate 10 unique graphs for N=40, k=20...
  Warning: Only 1/10 unique graphs found for N=40, k=20.

Total graphs generated: 3 (all distinct)
Generating Erdős-Rényi test graphs...
Total graphs generated: 10
Generating Barabási-Albert test graphs...
Total graphs generated: 10
Generating non-complete regular graphs (ensuring uniqueness)...
  Attempting to generate 10 unique graphs for N=50, k=2...
  Warning: Only 1/10 unique graphs found for N=50, k=2.
  Attempting to generate 10 unique graphs for N=50, k=12...
  Warning: Only 1/10 unique graphs found for N=50, k=12.
  Attempting to generate 10 unique graphs for N=50, k=25...
  Warning: Only 1/10 unique graphs found for N=50, k=25.

Total graphs generated: 3 (all distinct)
  t=0.0046 done
Generating Erdős-Rényi test graphs...
Total graphs generated: 10
Generating Barabási-Albert test graphs...
Total graphs generated: 10
Generating non-complete regular graphs (ensuring uniqueness)...
  Attempting to generate 10 unique graphs for N=4, k=2...
  Warning: Only 1/10 unique graphs found for N=4, k=2.

Total graphs generated: 1 (all distinct)
Generating Erdős-Rényi test graphs...
Total graphs generated: 10
Generating Barabási-Albert test graphs...
Total graphs generated: 10
Generating non-complete regular graphs (ensuring uniqueness)...
  Attempting to generate 10 unique graphs for N=10, k=2...
  Warning: Only 1/10 unique graphs found for N=10, k=2.
  Attempting to generate 10 unique graphs for N=10, k=5...
  Warning: Only 1/10 unique graphs found for N=10, k=5.

Total graphs generated: 2 (all distinct)
Generating Erdős-Rényi test graphs...
Total graphs generated: 10
Generating Barabási-Albert test graphs...
Total graphs generated: 10
Generating non-complete regular graphs (ensuring uniqueness)...
  Attempting to generate 10 unique graphs for N=20, k=2...
  Warning: Only 1/10 unique graphs found for N=20, k=2.
  Attempting to generate 10 unique graphs for N=20, k=5...
  Warning: Only 1/10 unique graphs found for N=20, k=5.
  Attempting to generate 10 unique graphs for N=20, k=10...
  Warning: Only 1/10 unique graphs found for N=20, k=10.

Total graphs generated: 3 (all distinct)
Generating Erdős-Rényi test graphs...
Total graphs generated: 10
Generating Barabási-Albert test graphs...
Total graphs generated: 10
Generating non-complete regular graphs (ensuring uniqueness)...
  Attempting to generate 10 unique graphs for N=30, k=2...
  Warning: Only 1/10 unique graphs found for N=30, k=2.
  Attempting to generate 10 unique graphs for N=30, k=7...
  Warning: Only 1/10 unique graphs found for N=30, k=7.
  Attempting to generate 10 unique graphs for N=30, k=15...
  Warning: Only 1/10 unique graphs found for N=30, k=15.

Total graphs generated: 3 (all distinct)
Generating Erdős-Rényi test graphs...
Total graphs generated: 10
Generating Barabási-Albert test graphs...
Total graphs generated: 10
Generating non-complete regular graphs (ensuring uniqueness)...
  Attempting to generate 10 unique graphs for N=40, k=2...
  Warning: Only 1/10 unique graphs found for N=40, k=2.
  Attempting to generate 10 unique graphs for N=40, k=10...
  Warning: Only 1/10 unique graphs found for N=40, k=10.
  Attempting to generate 10 unique graphs for N=40, k=20...
  Warning: Only 1/10 unique graphs found for N=40, k=20.

Total graphs generated: 3 (all distinct)
Generating Erdős-Rényi test graphs...
Total graphs generated: 10
Generating Barabási-Albert test graphs...
Total graphs generated: 10
Generating non-complete regular graphs (ensuring uniqueness)...
  Attempting to generate 10 unique graphs for N=50, k=2...
  Warning: Only 1/10 unique graphs found for N=50, k=2.
  Attempting to generate 10 unique graphs for N=50, k=12...
  Warning: Only 1/10 unique graphs found for N=50, k=12.
  Attempting to generate 10 unique graphs for N=50, k=25...
  Warning: Only 1/10 unique graphs found for N=50, k=25.

Total graphs generated: 3 (all distinct)
  t=0.0068 done
Generating Erdős-Rényi test graphs...
Total graphs generated: 10
Generating Barabási-Albert test graphs...
Total graphs generated: 10
Generating non-complete regular graphs (ensuring uniqueness)...
  Attempting to generate 10 unique graphs for N=4, k=2...
  Warning: Only 1/10 unique graphs found for N=4, k=2.

Total graphs generated: 1 (all distinct)
Generating Erdős-Rényi test graphs...
Total graphs generated: 10
Generating Barabási-Albert test graphs...
Total graphs generated: 10
Generating non-complete regular graphs (ensuring uniqueness)...
  Attempting to generate 10 unique graphs for N=10, k=2...
  Warning: Only 1/10 unique graphs found for N=10, k=2.
  Attempting to generate 10 unique graphs for N=10, k=5...
  Warning: Only 1/10 unique graphs found for N=10, k=5.

Total graphs generated: 2 (all distinct)
Generating Erdős-Rényi test graphs...
Total graphs generated: 10
Generating Barabási-Albert test graphs...
Total graphs generated: 10
Generating non-complete regular graphs (ensuring uniqueness)...
  Attempting to generate 10 unique graphs for N=20, k=2...
  Warning: Only 1/10 unique graphs found for N=20, k=2.
  Attempting to generate 10 unique graphs for N=20, k=5...
  Warning: Only 1/10 unique graphs found for N=20, k=5.
  Attempting to generate 10 unique graphs for N=20, k=10...
  Warning: Only 1/10 unique graphs found for N=20, k=10.

Total graphs generated: 3 (all distinct)
Generating Erdős-Rényi test graphs...
Total graphs generated: 10
Generating Barabási-Albert test graphs...
Total graphs generated: 10
Generating non-complete regular graphs (ensuring uniqueness)...
  Attempting to generate 10 unique graphs for N=30, k=2...
  Warning: Only 1/10 unique graphs found for N=30, k=2.
  Attempting to generate 10 unique graphs for N=30, k=7...
  Warning: Only 1/10 unique graphs found for N=30, k=7.
  Attempting to generate 10 unique graphs for N=30, k=15...
  Warning: Only 1/10 unique graphs found for N=30, k=15.

Total graphs generated: 3 (all distinct)
Generating Erdős-Rényi test graphs...
Total graphs generated: 10
Generating Barabási-Albert test graphs...
Total graphs generated: 10
Generating non-complete regular graphs (ensuring uniqueness)...
  Attempting to generate 10 unique graphs for N=40, k=2...
  Warning: Only 1/10 unique graphs found for N=40, k=2.
  Attempting to generate 10 unique graphs for N=40, k=10...
  Warning: Only 1/10 unique graphs found for N=40, k=10.
  Attempting to generate 10 unique graphs for N=40, k=20...
  Warning: Only 1/10 unique graphs found for N=40, k=20.

Total graphs generated: 3 (all distinct)
Generating Erdős-Rényi test graphs...
Total graphs generated: 10
Generating Barabási-Albert test graphs...
Total graphs generated: 10
Generating non-complete regular graphs (ensuring uniqueness)...
  Attempting to generate 10 unique graphs for N=50, k=2...
  Warning: Only 1/10 unique graphs found for N=50, k=2.
  Attempting to generate 10 unique graphs for N=50, k=12...
  Warning: Only 1/10 unique graphs found for N=50, k=12.
  Attempting to generate 10 unique graphs for N=50, k=25...
  Warning: Only 1/10 unique graphs found for N=50, k=25.

Total graphs generated: 3 (all distinct)
  t=0.0100 done
Generating Erdős-Rényi test graphs...
Total graphs generated: 10
Generating Barabási-Albert test graphs...
Total graphs generated: 10
Generating non-complete regular graphs (ensuring uniqueness)...
  Attempting to generate 10 unique graphs for N=4, k=2...
  Warning: Only 1/10 unique graphs found for N=4, k=2.

Total graphs generated: 1 (all distinct)
Generating Erdős-Rényi test graphs...
Total graphs generated: 10
Generating Barabási-Albert test graphs...
Total graphs generated: 10
Generating non-complete regular graphs (ensuring uniqueness)...
  Attempting to generate 10 unique graphs for N=10, k=2...
  Warning: Only 1/10 unique graphs found for N=10, k=2.
  Attempting to generate 10 unique graphs for N=10, k=5...
  Warning: Only 1/10 unique graphs found for N=10, k=5.

Total graphs generated: 2 (all distinct)
Generating Erdős-Rényi test graphs...
Total graphs generated: 10
Generating Barabási-Albert test graphs...
Total graphs generated: 10
Generating non-complete regular graphs (ensuring uniqueness)...
  Attempting to generate 10 unique graphs for N=20, k=2...
  Warning: Only 1/10 unique graphs found for N=20, k=2.
  Attempting to generate 10 unique graphs for N=20, k=5...
  Warning: Only 1/10 unique graphs found for N=20, k=5.
  Attempting to generate 10 unique graphs for N=20, k=10...
  Warning: Only 1/10 unique graphs found for N=20, k=10.

Total graphs generated: 3 (all distinct)
Generating Erdős-Rényi test graphs...
Total graphs generated: 10
Generating Barabási-Albert test graphs...
Total graphs generated: 10
Generating non-complete regular graphs (ensuring uniqueness)...
  Attempting to generate 10 unique graphs for N=30, k=2...
  Warning: Only 1/10 unique graphs found for N=30, k=2.
  Attempting to generate 10 unique graphs for N=30, k=7...
  Warning: Only 1/10 unique graphs found for N=30, k=7.
  Attempting to generate 10 unique graphs for N=30, k=15...
  Warning: Only 1/10 unique graphs found for N=30, k=15.

Total graphs generated: 3 (all distinct)
Generating Erdős-Rényi test graphs...
Total graphs generated: 10
Generating Barabási-Albert test graphs...
Total graphs generated: 10
Generating non-complete regular graphs (ensuring uniqueness)...
  Attempting to generate 10 unique graphs for N=40, k=2...
  Warning: Only 1/10 unique graphs found for N=40, k=2.
  Attempting to generate 10 unique graphs for N=40, k=10...
  Warning: Only 1/10 unique graphs found for N=40, k=10.
  Attempting to generate 10 unique graphs for N=40, k=20...
  Warning: Only 1/10 unique graphs found for N=40, k=20.

Total graphs generated: 3 (all distinct)
Generating Erdős-Rényi test graphs...
Total graphs generated: 10
Generating Barabási-Albert test graphs...
Total graphs generated: 10
Generating non-complete regular graphs (ensuring uniqueness)...
  Attempting to generate 10 unique graphs for N=50, k=2...
  Warning: Only 1/10 unique graphs found for N=50, k=2.
  Attempting to generate 10 unique graphs for N=50, k=12...
  Warning: Only 1/10 unique graphs found for N=50, k=12.
  Attempting to generate 10 unique graphs for N=50, k=25...
  Warning: Only 1/10 unique graphs found for N=50, k=25.

Total graphs generated: 3 (all distinct)
  t=0.0147 done
Generating Erdős-Rényi test graphs...
Total graphs generated: 10
Generating Barabási-Albert test graphs...
Total graphs generated: 10
Generating non-complete regular graphs (ensuring uniqueness)...
  Attempting to generate 10 unique graphs for N=4, k=2...
  Warning: Only 1/10 unique graphs found for N=4, k=2.

Total graphs generated: 1 (all distinct)
Generating Erdős-Rényi test graphs...
Total graphs generated: 10
Generating Barabási-Albert test graphs...
Total graphs generated: 10
Generating non-complete regular graphs (ensuring uniqueness)...
  Attempting to generate 10 unique graphs for N=10, k=2...
  Warning: Only 1/10 unique graphs found for N=10, k=2.
  Attempting to generate 10 unique graphs for N=10, k=5...
  Warning: Only 1/10 unique graphs found for N=10, k=5.

Total graphs generated: 2 (all distinct)
Generating Erdős-Rényi test graphs...
Total graphs generated: 10
Generating Barabási-Albert test graphs...
Total graphs generated: 10
Generating non-complete regular graphs (ensuring uniqueness)...
  Attempting to generate 10 unique graphs for N=20, k=2...
  Warning: Only 1/10 unique graphs found for N=20, k=2.
  Attempting to generate 10 unique graphs for N=20, k=5...
  Warning: Only 1/10 unique graphs found for N=20, k=5.
  Attempting to generate 10 unique graphs for N=20, k=10...
  Warning: Only 1/10 unique graphs found for N=20, k=10.

Total graphs generated: 3 (all distinct)
Generating Erdős-Rényi test graphs...
Total graphs generated: 10
Generating Barabási-Albert test graphs...
Total graphs generated: 10
Generating non-complete regular graphs (ensuring uniqueness)...
  Attempting to generate 10 unique graphs for N=30, k=2...
  Warning: Only 1/10 unique graphs found for N=30, k=2.
  Attempting to generate 10 unique graphs for N=30, k=7...
  Warning: Only 1/10 unique graphs found for N=30, k=7.
  Attempting to generate 10 unique graphs for N=30, k=15...
  Warning: Only 1/10 unique graphs found for N=30, k=15.

Total graphs generated: 3 (all distinct)
Generating Erdős-Rényi test graphs...
Total graphs generated: 10
Generating Barabási-Albert test graphs...
Total graphs generated: 10
Generating non-complete regular graphs (ensuring uniqueness)...
  Attempting to generate 10 unique graphs for N=40, k=2...
  Warning: Only 1/10 unique graphs found for N=40, k=2.
  Attempting to generate 10 unique graphs for N=40, k=10...
  Warning: Only 1/10 unique graphs found for N=40, k=10.
  Attempting to generate 10 unique graphs for N=40, k=20...
  Warning: Only 1/10 unique graphs found for N=40, k=20.

Total graphs generated: 3 (all distinct)
Generating Erdős-Rényi test graphs...
Total graphs generated: 10
Generating Barabási-Albert test graphs...
Total graphs generated: 10
Generating non-complete regular graphs (ensuring uniqueness)...
  Attempting to generate 10 unique graphs for N=50, k=2...
  Warning: Only 1/10 unique graphs found for N=50, k=2.
  Attempting to generate 10 unique graphs for N=50, k=12...
  Warning: Only 1/10 unique graphs found for N=50, k=12.
  Attempting to generate 10 unique graphs for N=50, k=25...
  Warning: Only 1/10 unique graphs found for N=50, k=25.

Total graphs generated: 3 (all distinct)
  t=0.0215 done
Generating Erdős-Rényi test graphs...
Total graphs generated: 10
Generating Barabási-Albert test graphs...
Total graphs generated: 10
Generating non-complete regular graphs (ensuring uniqueness)...
  Attempting to generate 10 unique graphs for N=4, k=2...
  Warning: Only 1/10 unique graphs found for N=4, k=2.

Total graphs generated: 1 (all distinct)
Generating Erdős-Rényi test graphs...
Total graphs generated: 10
Generating Barabási-Albert test graphs...
Total graphs generated: 10
Generating non-complete regular graphs (ensuring uniqueness)...
  Attempting to generate 10 unique graphs for N=10, k=2...
  Warning: Only 1/10 unique graphs found for N=10, k=2.
  Attempting to generate 10 unique graphs for N=10, k=5...
  Warning: Only 1/10 unique graphs found for N=10, k=5.

Total graphs generated: 2 (all distinct)
Generating Erdős-Rényi test graphs...
Total graphs generated: 10
Generating Barabási-Albert test graphs...
Total graphs generated: 10
Generating non-complete regular graphs (ensuring uniqueness)...
  Attempting to generate 10 unique graphs for N=20, k=2...
  Warning: Only 1/10 unique graphs found for N=20, k=2.
  Attempting to generate 10 unique graphs for N=20, k=5...
  Warning: Only 1/10 unique graphs found for N=20, k=5.
  Attempting to generate 10 unique graphs for N=20, k=10...
  Warning: Only 1/10 unique graphs found for N=20, k=10.

Total graphs generated: 3 (all distinct)
Generating Erdős-Rényi test graphs...
Total graphs generated: 10
Generating Barabási-Albert test graphs...
Total graphs generated: 10
Generating non-complete regular graphs (ensuring uniqueness)...
  Attempting to generate 10 unique graphs for N=30, k=2...
  Warning: Only 1/10 unique graphs found for N=30, k=2.
  Attempting to generate 10 unique graphs for N=30, k=7...
  Warning: Only 1/10 unique graphs found for N=30, k=7.
  Attempting to generate 10 unique graphs for N=30, k=15...
  Warning: Only 1/10 unique graphs found for N=30, k=15.

Total graphs generated: 3 (all distinct)
Generating Erdős-Rényi test graphs...
Total graphs generated: 10
Generating Barabási-Albert test graphs...
Total graphs generated: 10
Generating non-complete regular graphs (ensuring uniqueness)...
  Attempting to generate 10 unique graphs for N=40, k=2...
  Warning: Only 1/10 unique graphs found for N=40, k=2.
  Attempting to generate 10 unique graphs for N=40, k=10...
  Warning: Only 1/10 unique graphs found for N=40, k=10.
  Attempting to generate 10 unique graphs for N=40, k=20...
  Warning: Only 1/10 unique graphs found for N=40, k=20.

Total graphs generated: 3 (all distinct)
Generating Erdős-Rényi test graphs...
Total graphs generated: 10
Generating Barabási-Albert test graphs...
Total graphs generated: 10
Generating non-complete regular graphs (ensuring uniqueness)...
  Attempting to generate 10 unique graphs for N=50, k=2...
  Warning: Only 1/10 unique graphs found for N=50, k=2.
  Attempting to generate 10 unique graphs for N=50, k=12...
  Warning: Only 1/10 unique graphs found for N=50, k=12.
  Attempting to generate 10 unique graphs for N=50, k=25...
  Warning: Only 1/10 unique graphs found for N=50, k=25.

Total graphs generated: 3 (all distinct)
  t=0.0316 done
Generating Erdős-Rényi test graphs...
Total graphs generated: 10
Generating Barabási-Albert test graphs...
Total graphs generated: 10
Generating non-complete regular graphs (ensuring uniqueness)...
  Attempting to generate 10 unique graphs for N=4, k=2...
  Warning: Only 1/10 unique graphs found for N=4, k=2.

Total graphs generated: 1 (all distinct)
Generating Erdős-Rényi test graphs...
Total graphs generated: 10
Generating Barabási-Albert test graphs...
Total graphs generated: 10
Generating non-complete regular graphs (ensuring uniqueness)...
  Attempting to generate 10 unique graphs for N=10, k=2...
  Warning: Only 1/10 unique graphs found for N=10, k=2.
  Attempting to generate 10 unique graphs for N=10, k=5...
  Warning: Only 1/10 unique graphs found for N=10, k=5.

Total graphs generated: 2 (all distinct)
Generating Erdős-Rényi test graphs...
Total graphs generated: 10
Generating Barabási-Albert test graphs...
Total graphs generated: 10
Generating non-complete regular graphs (ensuring uniqueness)...
  Attempting to generate 10 unique graphs for N=20, k=2...
  Warning: Only 1/10 unique graphs found for N=20, k=2.
  Attempting to generate 10 unique graphs for N=20, k=5...
  Warning: Only 1/10 unique graphs found for N=20, k=5.
  Attempting to generate 10 unique graphs for N=20, k=10...
  Warning: Only 1/10 unique graphs found for N=20, k=10.

Total graphs generated: 3 (all distinct)
Generating Erdős-Rényi test graphs...
Total graphs generated: 10
Generating Barabási-Albert test graphs...
Total graphs generated: 10
Generating non-complete regular graphs (ensuring uniqueness)...
  Attempting to generate 10 unique graphs for N=30, k=2...
  Warning: Only 1/10 unique graphs found for N=30, k=2.
  Attempting to generate 10 unique graphs for N=30, k=7...
  Warning: Only 1/10 unique graphs found for N=30, k=7.
  Attempting to generate 10 unique graphs for N=30, k=15...
  Warning: Only 1/10 unique graphs found for N=30, k=15.

Total graphs generated: 3 (all distinct)
Generating Erdős-Rényi test graphs...
Total graphs generated: 10
Generating Barabási-Albert test graphs...
Total graphs generated: 10
Generating non-complete regular graphs (ensuring uniqueness)...
  Attempting to generate 10 unique graphs for N=40, k=2...
  Warning: Only 1/10 unique graphs found for N=40, k=2.
  Attempting to generate 10 unique graphs for N=40, k=10...
  Warning: Only 1/10 unique graphs found for N=40, k=10.
  Attempting to generate 10 unique graphs for N=40, k=20...
  Warning: Only 1/10 unique graphs found for N=40, k=20.

Total graphs generated: 3 (all distinct)
Generating Erdős-Rényi test graphs...
Total graphs generated: 10
Generating Barabási-Albert test graphs...
Total graphs generated: 10
Generating non-complete regular graphs (ensuring uniqueness)...
  Attempting to generate 10 unique graphs for N=50, k=2...
  Warning: Only 1/10 unique graphs found for N=50, k=2.
  Attempting to generate 10 unique graphs for N=50, k=12...
  Warning: Only 1/10 unique graphs found for N=50, k=12.
  Attempting to generate 10 unique graphs for N=50, k=25...
  Warning: Only 1/10 unique graphs found for N=50, k=25.

Total graphs generated: 3 (all distinct)
  t=0.0464 done
Generating Erdős-Rényi test graphs...
Total graphs generated: 10
Generating Barabási-Albert test graphs...
Total graphs generated: 10
Generating non-complete regular graphs (ensuring uniqueness)...
  Attempting to generate 10 unique graphs for N=4, k=2...
  Warning: Only 1/10 unique graphs found for N=4, k=2.

Total graphs generated: 1 (all distinct)
Generating Erdős-Rényi test graphs...
Total graphs generated: 10
Generating Barabási-Albert test graphs...
Total graphs generated: 10
Generating non-complete regular graphs (ensuring uniqueness)...
  Attempting to generate 10 unique graphs for N=10, k=2...
  Warning: Only 1/10 unique graphs found for N=10, k=2.
  Attempting to generate 10 unique graphs for N=10, k=5...
  Warning: Only 1/10 unique graphs found for N=10, k=5.

Total graphs generated: 2 (all distinct)
Generating Erdős-Rényi test graphs...
Total graphs generated: 10
Generating Barabási-Albert test graphs...
Total graphs generated: 10
Generating non-complete regular graphs (ensuring uniqueness)...
  Attempting to generate 10 unique graphs for N=20, k=2...
  Warning: Only 1/10 unique graphs found for N=20, k=2.
  Attempting to generate 10 unique graphs for N=20, k=5...
  Warning: Only 1/10 unique graphs found for N=20, k=5.
  Attempting to generate 10 unique graphs for N=20, k=10...
  Warning: Only 1/10 unique graphs found for N=20, k=10.

Total graphs generated: 3 (all distinct)
Generating Erdős-Rényi test graphs...
Total graphs generated: 10
Generating Barabási-Albert test graphs...
Total graphs generated: 10
Generating non-complete regular graphs (ensuring uniqueness)...
  Attempting to generate 10 unique graphs for N=30, k=2...
  Warning: Only 1/10 unique graphs found for N=30, k=2.
  Attempting to generate 10 unique graphs for N=30, k=7...
  Warning: Only 1/10 unique graphs found for N=30, k=7.
  Attempting to generate 10 unique graphs for N=30, k=15...
  Warning: Only 1/10 unique graphs found for N=30, k=15.

Total graphs generated: 3 (all distinct)
Generating Erdős-Rényi test graphs...
Total graphs generated: 10
Generating Barabási-Albert test graphs...
Total graphs generated: 10
Generating non-complete regular graphs (ensuring uniqueness)...
  Attempting to generate 10 unique graphs for N=40, k=2...
  Warning: Only 1/10 unique graphs found for N=40, k=2.
  Attempting to generate 10 unique graphs for N=40, k=10...
  Warning: Only 1/10 unique graphs found for N=40, k=10.
  Attempting to generate 10 unique graphs for N=40, k=20...
  Warning: Only 1/10 unique graphs found for N=40, k=20.

Total graphs generated: 3 (all distinct)
Generating Erdős-Rényi test graphs...
Total graphs generated: 10
Generating Barabási-Albert test graphs...
Total graphs generated: 10
Generating non-complete regular graphs (ensuring uniqueness)...
  Attempting to generate 10 unique graphs for N=50, k=2...
  Warning: Only 1/10 unique graphs found for N=50, k=2.
  Attempting to generate 10 unique graphs for N=50, k=12...
  Warning: Only 1/10 unique graphs found for N=50, k=12.
  Attempting to generate 10 unique graphs for N=50, k=25...
  Warning: Only 1/10 unique graphs found for N=50, k=25.

Total graphs generated: 3 (all distinct)
  t=0.0681 done
Generating Erdős-Rényi test graphs...
Total graphs generated: 10
Generating Barabási-Albert test graphs...
Total graphs generated: 10
Generating non-complete regular graphs (ensuring uniqueness)...
  Attempting to generate 10 unique graphs for N=4, k=2...
  Warning: Only 1/10 unique graphs found for N=4, k=2.

Total graphs generated: 1 (all distinct)
Generating Erdős-Rényi test graphs...
Total graphs generated: 10
Generating Barabási-Albert test graphs...
Total graphs generated: 10
Generating non-complete regular graphs (ensuring uniqueness)...
  Attempting to generate 10 unique graphs for N=10, k=2...
  Warning: Only 1/10 unique graphs found for N=10, k=2.
  Attempting to generate 10 unique graphs for N=10, k=5...
  Warning: Only 1/10 unique graphs found for N=10, k=5.

Total graphs generated: 2 (all distinct)
Generating Erdős-Rényi test graphs...
Total graphs generated: 10
Generating Barabási-Albert test graphs...
Total graphs generated: 10
Generating non-complete regular graphs (ensuring uniqueness)...
  Attempting to generate 10 unique graphs for N=20, k=2...
  Warning: Only 1/10 unique graphs found for N=20, k=2.
  Attempting to generate 10 unique graphs for N=20, k=5...
  Warning: Only 1/10 unique graphs found for N=20, k=5.
  Attempting to generate 10 unique graphs for N=20, k=10...
  Warning: Only 1/10 unique graphs found for N=20, k=10.

Total graphs generated: 3 (all distinct)
Generating Erdős-Rényi test graphs...
Total graphs generated: 10
Generating Barabási-Albert test graphs...
Total graphs generated: 10
Generating non-complete regular graphs (ensuring uniqueness)...
  Attempting to generate 10 unique graphs for N=30, k=2...
  Warning: Only 1/10 unique graphs found for N=30, k=2.
  Attempting to generate 10 unique graphs for N=30, k=7...
  Warning: Only 1/10 unique graphs found for N=30, k=7.
  Attempting to generate 10 unique graphs for N=30, k=15...
  Warning: Only 1/10 unique graphs found for N=30, k=15.

Total graphs generated: 3 (all distinct)
Generating Erdős-Rényi test graphs...
Total graphs generated: 10
Generating Barabási-Albert test graphs...
Total graphs generated: 10
Generating non-complete regular graphs (ensuring uniqueness)...
  Attempting to generate 10 unique graphs for N=40, k=2...
  Warning: Only 1/10 unique graphs found for N=40, k=2.
  Attempting to generate 10 unique graphs for N=40, k=10...
  Warning: Only 1/10 unique graphs found for N=40, k=10.
  Attempting to generate 10 unique graphs for N=40, k=20...
  Warning: Only 1/10 unique graphs found for N=40, k=20.

Total graphs generated: 3 (all distinct)
Generating Erdős-Rényi test graphs...
Total graphs generated: 10
Generating Barabási-Albert test graphs...
Total graphs generated: 10
Generating non-complete regular graphs (ensuring uniqueness)...
  Attempting to generate 10 unique graphs for N=50, k=2...
  Warning: Only 1/10 unique graphs found for N=50, k=2.
  Attempting to generate 10 unique graphs for N=50, k=12...
  Warning: Only 1/10 unique graphs found for N=50, k=12.
  Attempting to generate 10 unique graphs for N=50, k=25...
  Warning: Only 1/10 unique graphs found for N=50, k=25.

Total graphs generated: 3 (all distinct)
  t=0.1000 done
Generating Erdős-Rényi test graphs...
Total graphs generated: 10
Generating Barabási-Albert test graphs...
Total graphs generated: 10
Generating non-complete regular graphs (ensuring uniqueness)...
  Attempting to generate 10 unique graphs for N=4, k=2...
  Warning: Only 1/10 unique graphs found for N=4, k=2.

Total graphs generated: 1 (all distinct)
Generating Erdős-Rényi test graphs...
Total graphs generated: 10
Generating Barabási-Albert test graphs...
Total graphs generated: 10
Generating non-complete regular graphs (ensuring uniqueness)...
  Attempting to generate 10 unique graphs for N=10, k=2...
  Warning: Only 1/10 unique graphs found for N=10, k=2.
  Attempting to generate 10 unique graphs for N=10, k=5...
  Warning: Only 1/10 unique graphs found for N=10, k=5.

Total graphs generated: 2 (all distinct)
Generating Erdős-Rényi test graphs...
Total graphs generated: 10
Generating Barabási-Albert test graphs...
Total graphs generated: 10
Generating non-complete regular graphs (ensuring uniqueness)...
  Attempting to generate 10 unique graphs for N=20, k=2...
  Warning: Only 1/10 unique graphs found for N=20, k=2.
  Attempting to generate 10 unique graphs for N=20, k=5...
  Warning: Only 1/10 unique graphs found for N=20, k=5.
  Attempting to generate 10 unique graphs for N=20, k=10...
  Warning: Only 1/10 unique graphs found for N=20, k=10.

Total graphs generated: 3 (all distinct)
Generating Erdős-Rényi test graphs...
Total graphs generated: 10
Generating Barabási-Albert test graphs...
Total graphs generated: 10
Generating non-complete regular graphs (ensuring uniqueness)...
  Attempting to generate 10 unique graphs for N=30, k=2...
  Warning: Only 1/10 unique graphs found for N=30, k=2.
  Attempting to generate 10 unique graphs for N=30, k=7...
  Warning: Only 1/10 unique graphs found for N=30, k=7.
  Attempting to generate 10 unique graphs for N=30, k=15...
  Warning: Only 1/10 unique graphs found for N=30, k=15.

Total graphs generated: 3 (all distinct)
Generating Erdős-Rényi test graphs...
Total graphs generated: 10
Generating Barabási-Albert test graphs...
Total graphs generated: 10
Generating non-complete regular graphs (ensuring uniqueness)...
  Attempting to generate 10 unique graphs for N=40, k=2...
  Warning: Only 1/10 unique graphs found for N=40, k=2.
  Attempting to generate 10 unique graphs for N=40, k=10...
  Warning: Only 1/10 unique graphs found for N=40, k=10.
  Attempting to generate 10 unique graphs for N=40, k=20...
  Warning: Only 1/10 unique graphs found for N=40, k=20.

Total graphs generated: 3 (all distinct)
Generating Erdős-Rényi test graphs...
Total graphs generated: 10
Generating Barabási-Albert test graphs...
Total graphs generated: 10
Generating non-complete regular graphs (ensuring uniqueness)...
  Attempting to generate 10 unique graphs for N=50, k=2...
  Warning: Only 1/10 unique graphs found for N=50, k=2.
  Attempting to generate 10 unique graphs for N=50, k=12...
  Warning: Only 1/10 unique graphs found for N=50, k=12.
  Attempting to generate 10 unique graphs for N=50, k=25...
  Warning: Only 1/10 unique graphs found for N=50, k=25.

Total graphs generated: 3 (all distinct)
  t=0.1468 done
Generating Erdős-Rényi test graphs...
Total graphs generated: 10
Generating Barabási-Albert test graphs...
Total graphs generated: 10
Generating non-complete regular graphs (ensuring uniqueness)...
  Attempting to generate 10 unique graphs for N=4, k=2...
  Warning: Only 1/10 unique graphs found for N=4, k=2.

Total graphs generated: 1 (all distinct)
Generating Erdős-Rényi test graphs...
Total graphs generated: 10
Generating Barabási-Albert test graphs...
Total graphs generated: 10
Generating non-complete regular graphs (ensuring uniqueness)...
  Attempting to generate 10 unique graphs for N=10, k=2...
  Warning: Only 1/10 unique graphs found for N=10, k=2.
  Attempting to generate 10 unique graphs for N=10, k=5...
  Warning: Only 1/10 unique graphs found for N=10, k=5.

Total graphs generated: 2 (all distinct)
Generating Erdős-Rényi test graphs...
Total graphs generated: 10
Generating Barabási-Albert test graphs...
Total graphs generated: 10
Generating non-complete regular graphs (ensuring uniqueness)...
  Attempting to generate 10 unique graphs for N=20, k=2...
  Warning: Only 1/10 unique graphs found for N=20, k=2.
  Attempting to generate 10 unique graphs for N=20, k=5...
  Warning: Only 1/10 unique graphs found for N=20, k=5.
  Attempting to generate 10 unique graphs for N=20, k=10...
  Warning: Only 1/10 unique graphs found for N=20, k=10.

Total graphs generated: 3 (all distinct)
Generating Erdős-Rényi test graphs...
Total graphs generated: 10
Generating Barabási-Albert test graphs...
Total graphs generated: 10
Generating non-complete regular graphs (ensuring uniqueness)...
  Attempting to generate 10 unique graphs for N=30, k=2...
  Warning: Only 1/10 unique graphs found for N=30, k=2.
  Attempting to generate 10 unique graphs for N=30, k=7...
  Warning: Only 1/10 unique graphs found for N=30, k=7.
  Attempting to generate 10 unique graphs for N=30, k=15...
  Warning: Only 1/10 unique graphs found for N=30, k=15.

Total graphs generated: 3 (all distinct)
Generating Erdős-Rényi test graphs...
Total graphs generated: 10
Generating Barabási-Albert test graphs...
Total graphs generated: 10
Generating non-complete regular graphs (ensuring uniqueness)...
  Attempting to generate 10 unique graphs for N=40, k=2...
  Warning: Only 1/10 unique graphs found for N=40, k=2.
  Attempting to generate 10 unique graphs for N=40, k=10...
  Warning: Only 1/10 unique graphs found for N=40, k=10.
  Attempting to generate 10 unique graphs for N=40, k=20...
  Warning: Only 1/10 unique graphs found for N=40, k=20.

Total graphs generated: 3 (all distinct)
Generating Erdős-Rényi test graphs...
Total graphs generated: 10
Generating Barabási-Albert test graphs...
Total graphs generated: 10
Generating non-complete regular graphs (ensuring uniqueness)...
  Attempting to generate 10 unique graphs for N=50, k=2...
  Warning: Only 1/10 unique graphs found for N=50, k=2.
  Attempting to generate 10 unique graphs for N=50, k=12...
  Warning: Only 1/10 unique graphs found for N=50, k=12.
  Attempting to generate 10 unique graphs for N=50, k=25...
  Warning: Only 1/10 unique graphs found for N=50, k=25.

Total graphs generated: 3 (all distinct)
  t=0.2154 done
Generating Erdős-Rényi test graphs...
Total graphs generated: 10
Generating Barabási-Albert test graphs...
Total graphs generated: 10
Generating non-complete regular graphs (ensuring uniqueness)...
  Attempting to generate 10 unique graphs for N=4, k=2...
  Warning: Only 1/10 unique graphs found for N=4, k=2.

Total graphs generated: 1 (all distinct)
Generating Erdős-Rényi test graphs...
Total graphs generated: 10
Generating Barabási-Albert test graphs...
Total graphs generated: 10
Generating non-complete regular graphs (ensuring uniqueness)...
  Attempting to generate 10 unique graphs for N=10, k=2...
  Warning: Only 1/10 unique graphs found for N=10, k=2.
  Attempting to generate 10 unique graphs for N=10, k=5...
  Warning: Only 1/10 unique graphs found for N=10, k=5.

Total graphs generated: 2 (all distinct)
Generating Erdős-Rényi test graphs...
Total graphs generated: 10
Generating Barabási-Albert test graphs...
Total graphs generated: 10
Generating non-complete regular graphs (ensuring uniqueness)...
  Attempting to generate 10 unique graphs for N=20, k=2...
  Warning: Only 1/10 unique graphs found for N=20, k=2.
  Attempting to generate 10 unique graphs for N=20, k=5...
  Warning: Only 1/10 unique graphs found for N=20, k=5.
  Attempting to generate 10 unique graphs for N=20, k=10...
  Warning: Only 1/10 unique graphs found for N=20, k=10.

Total graphs generated: 3 (all distinct)
Generating Erdős-Rényi test graphs...
Total graphs generated: 10
Generating Barabási-Albert test graphs...
Total graphs generated: 10
Generating non-complete regular graphs (ensuring uniqueness)...
  Attempting to generate 10 unique graphs for N=30, k=2...
  Warning: Only 1/10 unique graphs found for N=30, k=2.
  Attempting to generate 10 unique graphs for N=30, k=7...
  Warning: Only 1/10 unique graphs found for N=30, k=7.
  Attempting to generate 10 unique graphs for N=30, k=15...
  Warning: Only 1/10 unique graphs found for N=30, k=15.

Total graphs generated: 3 (all distinct)
Generating Erdős-Rényi test graphs...
Total graphs generated: 10
Generating Barabási-Albert test graphs...
Total graphs generated: 10
Generating non-complete regular graphs (ensuring uniqueness)...
  Attempting to generate 10 unique graphs for N=40, k=2...
  Warning: Only 1/10 unique graphs found for N=40, k=2.
  Attempting to generate 10 unique graphs for N=40, k=10...
  Warning: Only 1/10 unique graphs found for N=40, k=10.
  Attempting to generate 10 unique graphs for N=40, k=20...
  Warning: Only 1/10 unique graphs found for N=40, k=20.

Total graphs generated: 3 (all distinct)
Generating Erdős-Rényi test graphs...
Total graphs generated: 10
Generating Barabási-Albert test graphs...
Total graphs generated: 10
Generating non-complete regular graphs (ensuring uniqueness)...
  Attempting to generate 10 unique graphs for N=50, k=2...
  Warning: Only 1/10 unique graphs found for N=50, k=2.
  Attempting to generate 10 unique graphs for N=50, k=12...
  Warning: Only 1/10 unique graphs found for N=50, k=12.
  Attempting to generate 10 unique graphs for N=50, k=25...
  Warning: Only 1/10 unique graphs found for N=50, k=25.

Total graphs generated: 3 (all distinct)
  t=0.3162 done
Generating Erdős-Rényi test graphs...
Total graphs generated: 10
Generating Barabási-Albert test graphs...
Total graphs generated: 10
Generating non-complete regular graphs (ensuring uniqueness)...
  Attempting to generate 10 unique graphs for N=4, k=2...
  Warning: Only 1/10 unique graphs found for N=4, k=2.

Total graphs generated: 1 (all distinct)
Generating Erdős-Rényi test graphs...
Total graphs generated: 10
Generating Barabási-Albert test graphs...
Total graphs generated: 10
Generating non-complete regular graphs (ensuring uniqueness)...
  Attempting to generate 10 unique graphs for N=10, k=2...
  Warning: Only 1/10 unique graphs found for N=10, k=2.
  Attempting to generate 10 unique graphs for N=10, k=5...
  Warning: Only 1/10 unique graphs found for N=10, k=5.

Total graphs generated: 2 (all distinct)
Generating Erdős-Rényi test graphs...
Total graphs generated: 10
Generating Barabási-Albert test graphs...
Total graphs generated: 10
Generating non-complete regular graphs (ensuring uniqueness)...
  Attempting to generate 10 unique graphs for N=20, k=2...
  Warning: Only 1/10 unique graphs found for N=20, k=2.
  Attempting to generate 10 unique graphs for N=20, k=5...
  Warning: Only 1/10 unique graphs found for N=20, k=5.
  Attempting to generate 10 unique graphs for N=20, k=10...
  Warning: Only 1/10 unique graphs found for N=20, k=10.

Total graphs generated: 3 (all distinct)
Generating Erdős-Rényi test graphs...
Total graphs generated: 10
Generating Barabási-Albert test graphs...
Total graphs generated: 10
Generating non-complete regular graphs (ensuring uniqueness)...
  Attempting to generate 10 unique graphs for N=30, k=2...
  Warning: Only 1/10 unique graphs found for N=30, k=2.
  Attempting to generate 10 unique graphs for N=30, k=7...
  Warning: Only 1/10 unique graphs found for N=30, k=7.
  Attempting to generate 10 unique graphs for N=30, k=15...
  Warning: Only 1/10 unique graphs found for N=30, k=15.

Total graphs generated: 3 (all distinct)
Generating Erdős-Rényi test graphs...
Total graphs generated: 10
Generating Barabási-Albert test graphs...
Total graphs generated: 10
Generating non-complete regular graphs (ensuring uniqueness)...
  Attempting to generate 10 unique graphs for N=40, k=2...
  Warning: Only 1/10 unique graphs found for N=40, k=2.
  Attempting to generate 10 unique graphs for N=40, k=10...
  Warning: Only 1/10 unique graphs found for N=40, k=10.
  Attempting to generate 10 unique graphs for N=40, k=20...
  Warning: Only 1/10 unique graphs found for N=40, k=20.

Total graphs generated: 3 (all distinct)
Generating Erdős-Rényi test graphs...
Total graphs generated: 10
Generating Barabási-Albert test graphs...
Total graphs generated: 10
Generating non-complete regular graphs (ensuring uniqueness)...
  Attempting to generate 10 unique graphs for N=50, k=2...
  Warning: Only 1/10 unique graphs found for N=50, k=2.
  Attempting to generate 10 unique graphs for N=50, k=12...
  Warning: Only 1/10 unique graphs found for N=50, k=12.
  Attempting to generate 10 unique graphs for N=50, k=25...
  Warning: Only 1/10 unique graphs found for N=50, k=25.

Total graphs generated: 3 (all distinct)
  t=0.4642 done
Generating Erdős-Rényi test graphs...
Total graphs generated: 10
Generating Barabási-Albert test graphs...
Total graphs generated: 10
Generating non-complete regular graphs (ensuring uniqueness)...
  Attempting to generate 10 unique graphs for N=4, k=2...
  Warning: Only 1/10 unique graphs found for N=4, k=2.

Total graphs generated: 1 (all distinct)
Generating Erdős-Rényi test graphs...
Total graphs generated: 10
Generating Barabási-Albert test graphs...
Total graphs generated: 10
Generating non-complete regular graphs (ensuring uniqueness)...
  Attempting to generate 10 unique graphs for N=10, k=2...
  Warning: Only 1/10 unique graphs found for N=10, k=2.
  Attempting to generate 10 unique graphs for N=10, k=5...
  Warning: Only 1/10 unique graphs found for N=10, k=5.

Total graphs generated: 2 (all distinct)
Generating Erdős-Rényi test graphs...
Total graphs generated: 10
Generating Barabási-Albert test graphs...
Total graphs generated: 10
Generating non-complete regular graphs (ensuring uniqueness)...
  Attempting to generate 10 unique graphs for N=20, k=2...
  Warning: Only 1/10 unique graphs found for N=20, k=2.
  Attempting to generate 10 unique graphs for N=20, k=5...
  Warning: Only 1/10 unique graphs found for N=20, k=5.
  Attempting to generate 10 unique graphs for N=20, k=10...
  Warning: Only 1/10 unique graphs found for N=20, k=10.

Total graphs generated: 3 (all distinct)
Generating Erdős-Rényi test graphs...
Total graphs generated: 10
Generating Barabási-Albert test graphs...
Total graphs generated: 10
Generating non-complete regular graphs (ensuring uniqueness)...
  Attempting to generate 10 unique graphs for N=30, k=2...
  Warning: Only 1/10 unique graphs found for N=30, k=2.
  Attempting to generate 10 unique graphs for N=30, k=7...
  Warning: Only 1/10 unique graphs found for N=30, k=7.
  Attempting to generate 10 unique graphs for N=30, k=15...
  Warning: Only 1/10 unique graphs found for N=30, k=15.

Total graphs generated: 3 (all distinct)
Generating Erdős-Rényi test graphs...
Total graphs generated: 10
Generating Barabási-Albert test graphs...
Total graphs generated: 10
Generating non-complete regular graphs (ensuring uniqueness)...
  Attempting to generate 10 unique graphs for N=40, k=2...
  Warning: Only 1/10 unique graphs found for N=40, k=2.
  Attempting to generate 10 unique graphs for N=40, k=10...
  Warning: Only 1/10 unique graphs found for N=40, k=10.
  Attempting to generate 10 unique graphs for N=40, k=20...
  Warning: Only 1/10 unique graphs found for N=40, k=20.

Total graphs generated: 3 (all distinct)
Generating Erdős-Rényi test graphs...
Total graphs generated: 10
Generating Barabási-Albert test graphs...
Total graphs generated: 10
Generating non-complete regular graphs (ensuring uniqueness)...
  Attempting to generate 10 unique graphs for N=50, k=2...
  Warning: Only 1/10 unique graphs found for N=50, k=2.
  Attempting to generate 10 unique graphs for N=50, k=12...
  Warning: Only 1/10 unique graphs found for N=50, k=12.
  Attempting to generate 10 unique graphs for N=50, k=25...
  Warning: Only 1/10 unique graphs found for N=50, k=25.

Total graphs generated: 3 (all distinct)
  t=0.6813 done
Generating Erdős-Rényi test graphs...
Total graphs generated: 10
Generating Barabási-Albert test graphs...
Total graphs generated: 10
Generating non-complete regular graphs (ensuring uniqueness)...
  Attempting to generate 10 unique graphs for N=4, k=2...
  Warning: Only 1/10 unique graphs found for N=4, k=2.

Total graphs generated: 1 (all distinct)
Generating Erdős-Rényi test graphs...
Total graphs generated: 10
Generating Barabási-Albert test graphs...
Total graphs generated: 10
Generating non-complete regular graphs (ensuring uniqueness)...
  Attempting to generate 10 unique graphs for N=10, k=2...
  Warning: Only 1/10 unique graphs found for N=10, k=2.
  Attempting to generate 10 unique graphs for N=10, k=5...
  Warning: Only 1/10 unique graphs found for N=10, k=5.

Total graphs generated: 2 (all distinct)
Generating Erdős-Rényi test graphs...
Total graphs generated: 10
Generating Barabási-Albert test graphs...
Total graphs generated: 10
Generating non-complete regular graphs (ensuring uniqueness)...
  Attempting to generate 10 unique graphs for N=20, k=2...
  Warning: Only 1/10 unique graphs found for N=20, k=2.
  Attempting to generate 10 unique graphs for N=20, k=5...
  Warning: Only 1/10 unique graphs found for N=20, k=5.
  Attempting to generate 10 unique graphs for N=20, k=10...
  Warning: Only 1/10 unique graphs found for N=20, k=10.

Total graphs generated: 3 (all distinct)
Generating Erdős-Rényi test graphs...
Total graphs generated: 10
Generating Barabási-Albert test graphs...
Total graphs generated: 10
Generating non-complete regular graphs (ensuring uniqueness)...
  Attempting to generate 10 unique graphs for N=30, k=2...
  Warning: Only 1/10 unique graphs found for N=30, k=2.
  Attempting to generate 10 unique graphs for N=30, k=7...
  Warning: Only 1/10 unique graphs found for N=30, k=7.
  Attempting to generate 10 unique graphs for N=30, k=15...
  Warning: Only 1/10 unique graphs found for N=30, k=15.

Total graphs generated: 3 (all distinct)
Generating Erdős-Rényi test graphs...
Total graphs generated: 10
Generating Barabási-Albert test graphs...
Total graphs generated: 10
Generating non-complete regular graphs (ensuring uniqueness)...
  Attempting to generate 10 unique graphs for N=40, k=2...
  Warning: Only 1/10 unique graphs found for N=40, k=2.
  Attempting to generate 10 unique graphs for N=40, k=10...
  Warning: Only 1/10 unique graphs found for N=40, k=10.
  Attempting to generate 10 unique graphs for N=40, k=20...
  Warning: Only 1/10 unique graphs found for N=40, k=20.

Total graphs generated: 3 (all distinct)
Generating Erdős-Rényi test graphs...
Total graphs generated: 10
Generating Barabási-Albert test graphs...
Total graphs generated: 10
Generating non-complete regular graphs (ensuring uniqueness)...
  Attempting to generate 10 unique graphs for N=50, k=2...
  Warning: Only 1/10 unique graphs found for N=50, k=2.
  Attempting to generate 10 unique graphs for N=50, k=12...
  Warning: Only 1/10 unique graphs found for N=50, k=12.
  Attempting to generate 10 unique graphs for N=50, k=25...
  Warning: Only 1/10 unique graphs found for N=50, k=25.

Total graphs generated: 3 (all distinct)
  t=1.0000 done
Generating Erdős-Rényi test graphs...
Total graphs generated: 10
Generating Barabási-Albert test graphs...
Total graphs generated: 10
Generating non-complete regular graphs (ensuring uniqueness)...
  Attempting to generate 10 unique graphs for N=4, k=2...
  Warning: Only 1/10 unique graphs found for N=4, k=2.

Total graphs generated: 1 (all distinct)
Generating Erdős-Rényi test graphs...
Total graphs generated: 10
Generating Barabási-Albert test graphs...
Total graphs generated: 10
Generating non-complete regular graphs (ensuring uniqueness)...
  Attempting to generate 10 unique graphs for N=10, k=2...
  Warning: Only 1/10 unique graphs found for N=10, k=2.
  Attempting to generate 10 unique graphs for N=10, k=5...
  Warning: Only 1/10 unique graphs found for N=10, k=5.

Total graphs generated: 2 (all distinct)
Generating Erdős-Rényi test graphs...
Total graphs generated: 10
Generating Barabási-Albert test graphs...
Total graphs generated: 10
Generating non-complete regular graphs (ensuring uniqueness)...
  Attempting to generate 10 unique graphs for N=20, k=2...
  Warning: Only 1/10 unique graphs found for N=20, k=2.
  Attempting to generate 10 unique graphs for N=20, k=5...
  Warning: Only 1/10 unique graphs found for N=20, k=5.
  Attempting to generate 10 unique graphs for N=20, k=10...
  Warning: Only 1/10 unique graphs found for N=20, k=10.

Total graphs generated: 3 (all distinct)
Generating Erdős-Rényi test graphs...
Total graphs generated: 10
Generating Barabási-Albert test graphs...
Total graphs generated: 10
Generating non-complete regular graphs (ensuring uniqueness)...
  Attempting to generate 10 unique graphs for N=30, k=2...
  Warning: Only 1/10 unique graphs found for N=30, k=2.
  Attempting to generate 10 unique graphs for N=30, k=7...
  Warning: Only 1/10 unique graphs found for N=30, k=7.
  Attempting to generate 10 unique graphs for N=30, k=15...
  Warning: Only 1/10 unique graphs found for N=30, k=15.

Total graphs generated: 3 (all distinct)
Generating Erdős-Rényi test graphs...
Total graphs generated: 10
Generating Barabási-Albert test graphs...
Total graphs generated: 10
Generating non-complete regular graphs (ensuring uniqueness)...
  Attempting to generate 10 unique graphs for N=40, k=2...
  Warning: Only 1/10 unique graphs found for N=40, k=2.
  Attempting to generate 10 unique graphs for N=40, k=10...
  Warning: Only 1/10 unique graphs found for N=40, k=10.
  Attempting to generate 10 unique graphs for N=40, k=20...
  Warning: Only 1/10 unique graphs found for N=40, k=20.

Total graphs generated: 3 (all distinct)
Generating Erdős-Rényi test graphs...
Total graphs generated: 10
Generating Barabási-Albert test graphs...
Total graphs generated: 10
Generating non-complete regular graphs (ensuring uniqueness)...
  Attempting to generate 10 unique graphs for N=50, k=2...
  Warning: Only 1/10 unique graphs found for N=50, k=2.
  Attempting to generate 10 unique graphs for N=50, k=12...
  Warning: Only 1/10 unique graphs found for N=50, k=12.
  Attempting to generate 10 unique graphs for N=50, k=25...
  Warning: Only 1/10 unique graphs found for N=50, k=25.

Total graphs generated: 3 (all distinct)
  t=1.4678 done
Generating Erdős-Rényi test graphs...
Total graphs generated: 10
Generating Barabási-Albert test graphs...
Total graphs generated: 10
Generating non-complete regular graphs (ensuring uniqueness)...
  Attempting to generate 10 unique graphs for N=4, k=2...
  Warning: Only 1/10 unique graphs found for N=4, k=2.

Total graphs generated: 1 (all distinct)
Generating Erdős-Rényi test graphs...
Total graphs generated: 10
Generating Barabási-Albert test graphs...
Total graphs generated: 10
Generating non-complete regular graphs (ensuring uniqueness)...
  Attempting to generate 10 unique graphs for N=10, k=2...
  Warning: Only 1/10 unique graphs found for N=10, k=2.
  Attempting to generate 10 unique graphs for N=10, k=5...
  Warning: Only 1/10 unique graphs found for N=10, k=5.

Total graphs generated: 2 (all distinct)
Generating Erdős-Rényi test graphs...
Total graphs generated: 10
Generating Barabási-Albert test graphs...
Total graphs generated: 10
Generating non-complete regular graphs (ensuring uniqueness)...
  Attempting to generate 10 unique graphs for N=20, k=2...
  Warning: Only 1/10 unique graphs found for N=20, k=2.
  Attempting to generate 10 unique graphs for N=20, k=5...
  Warning: Only 1/10 unique graphs found for N=20, k=5.
  Attempting to generate 10 unique graphs for N=20, k=10...
  Warning: Only 1/10 unique graphs found for N=20, k=10.

Total graphs generated: 3 (all distinct)
Generating Erdős-Rényi test graphs...
Total graphs generated: 10
Generating Barabási-Albert test graphs...
Total graphs generated: 10
Generating non-complete regular graphs (ensuring uniqueness)...
  Attempting to generate 10 unique graphs for N=30, k=2...
  Warning: Only 1/10 unique graphs found for N=30, k=2.
  Attempting to generate 10 unique graphs for N=30, k=7...
  Warning: Only 1/10 unique graphs found for N=30, k=7.
  Attempting to generate 10 unique graphs for N=30, k=15...
  Warning: Only 1/10 unique graphs found for N=30, k=15.

Total graphs generated: 3 (all distinct)
Generating Erdős-Rényi test graphs...
Total graphs generated: 10
Generating Barabási-Albert test graphs...
Total graphs generated: 10
Generating non-complete regular graphs (ensuring uniqueness)...
  Attempting to generate 10 unique graphs for N=40, k=2...
  Warning: Only 1/10 unique graphs found for N=40, k=2.
  Attempting to generate 10 unique graphs for N=40, k=10...
  Warning: Only 1/10 unique graphs found for N=40, k=10.
  Attempting to generate 10 unique graphs for N=40, k=20...
  Warning: Only 1/10 unique graphs found for N=40, k=20.

Total graphs generated: 3 (all distinct)
Generating Erdős-Rényi test graphs...
Total graphs generated: 10
Generating Barabási-Albert test graphs...
Total graphs generated: 10
Generating non-complete regular graphs (ensuring uniqueness)...
  Attempting to generate 10 unique graphs for N=50, k=2...
  Warning: Only 1/10 unique graphs found for N=50, k=2.
  Attempting to generate 10 unique graphs for N=50, k=12...
  Warning: Only 1/10 unique graphs found for N=50, k=12.
  Attempting to generate 10 unique graphs for N=50, k=25...
  Warning: Only 1/10 unique graphs found for N=50, k=25.

Total graphs generated: 3 (all distinct)
  t=2.1544 done
Generating Erdős-Rényi test graphs...
Total graphs generated: 10
Generating Barabási-Albert test graphs...
Total graphs generated: 10
Generating non-complete regular graphs (ensuring uniqueness)...
  Attempting to generate 10 unique graphs for N=4, k=2...
  Warning: Only 1/10 unique graphs found for N=4, k=2.

Total graphs generated: 1 (all distinct)
Generating Erdős-Rényi test graphs...
Total graphs generated: 10
Generating Barabási-Albert test graphs...
Total graphs generated: 10
Generating non-complete regular graphs (ensuring uniqueness)...
  Attempting to generate 10 unique graphs for N=10, k=2...
  Warning: Only 1/10 unique graphs found for N=10, k=2.
  Attempting to generate 10 unique graphs for N=10, k=5...
  Warning: Only 1/10 unique graphs found for N=10, k=5.

Total graphs generated: 2 (all distinct)
Generating Erdős-Rényi test graphs...
Total graphs generated: 10
Generating Barabási-Albert test graphs...
Total graphs generated: 10
Generating non-complete regular graphs (ensuring uniqueness)...
  Attempting to generate 10 unique graphs for N=20, k=2...
  Warning: Only 1/10 unique graphs found for N=20, k=2.
  Attempting to generate 10 unique graphs for N=20, k=5...
  Warning: Only 1/10 unique graphs found for N=20, k=5.
  Attempting to generate 10 unique graphs for N=20, k=10...
  Warning: Only 1/10 unique graphs found for N=20, k=10.

Total graphs generated: 3 (all distinct)
Generating Erdős-Rényi test graphs...
Total graphs generated: 10
Generating Barabási-Albert test graphs...
Total graphs generated: 10
Generating non-complete regular graphs (ensuring uniqueness)...
  Attempting to generate 10 unique graphs for N=30, k=2...
  Warning: Only 1/10 unique graphs found for N=30, k=2.
  Attempting to generate 10 unique graphs for N=30, k=7...
  Warning: Only 1/10 unique graphs found for N=30, k=7.
  Attempting to generate 10 unique graphs for N=30, k=15...
  Warning: Only 1/10 unique graphs found for N=30, k=15.

Total graphs generated: 3 (all distinct)
Generating Erdős-Rényi test graphs...
Total graphs generated: 10
Generating Barabási-Albert test graphs...
Total graphs generated: 10
Generating non-complete regular graphs (ensuring uniqueness)...
  Attempting to generate 10 unique graphs for N=40, k=2...
  Warning: Only 1/10 unique graphs found for N=40, k=2.
  Attempting to generate 10 unique graphs for N=40, k=10...
  Warning: Only 1/10 unique graphs found for N=40, k=10.
  Attempting to generate 10 unique graphs for N=40, k=20...
  Warning: Only 1/10 unique graphs found for N=40, k=20.

Total graphs generated: 3 (all distinct)
Generating Erdős-Rényi test graphs...
Total graphs generated: 10
Generating Barabási-Albert test graphs...
Total graphs generated: 10
Generating non-complete regular graphs (ensuring uniqueness)...
  Attempting to generate 10 unique graphs for N=50, k=2...
  Warning: Only 1/10 unique graphs found for N=50, k=2.
  Attempting to generate 10 unique graphs for N=50, k=12...
  Warning: Only 1/10 unique graphs found for N=50, k=12.
  Attempting to generate 10 unique graphs for N=50, k=25...
  Warning: Only 1/10 unique graphs found for N=50, k=25.

Total graphs generated: 3 (all distinct)
  t=3.1623 done
Generating Erdős-Rényi test graphs...
Total graphs generated: 10
Generating Barabási-Albert test graphs...
Total graphs generated: 10
Generating non-complete regular graphs (ensuring uniqueness)...
  Attempting to generate 10 unique graphs for N=4, k=2...
  Warning: Only 1/10 unique graphs found for N=4, k=2.

Total graphs generated: 1 (all distinct)
Generating Erdős-Rényi test graphs...
Total graphs generated: 10
Generating Barabási-Albert test graphs...
Total graphs generated: 10
Generating non-complete regular graphs (ensuring uniqueness)...
  Attempting to generate 10 unique graphs for N=10, k=2...
  Warning: Only 1/10 unique graphs found for N=10, k=2.
  Attempting to generate 10 unique graphs for N=10, k=5...
  Warning: Only 1/10 unique graphs found for N=10, k=5.

Total graphs generated: 2 (all distinct)
Generating Erdős-Rényi test graphs...
Total graphs generated: 10
Generating Barabási-Albert test graphs...
Total graphs generated: 10
Generating non-complete regular graphs (ensuring uniqueness)...
  Attempting to generate 10 unique graphs for N=20, k=2...
  Warning: Only 1/10 unique graphs found for N=20, k=2.
  Attempting to generate 10 unique graphs for N=20, k=5...
  Warning: Only 1/10 unique graphs found for N=20, k=5.
  Attempting to generate 10 unique graphs for N=20, k=10...
  Warning: Only 1/10 unique graphs found for N=20, k=10.

Total graphs generated: 3 (all distinct)
Generating Erdős-Rényi test graphs...
Total graphs generated: 10
Generating Barabási-Albert test graphs...
Total graphs generated: 10
Generating non-complete regular graphs (ensuring uniqueness)...
  Attempting to generate 10 unique graphs for N=30, k=2...
  Warning: Only 1/10 unique graphs found for N=30, k=2.
  Attempting to generate 10 unique graphs for N=30, k=7...
  Warning: Only 1/10 unique graphs found for N=30, k=7.
  Attempting to generate 10 unique graphs for N=30, k=15...
  Warning: Only 1/10 unique graphs found for N=30, k=15.

Total graphs generated: 3 (all distinct)
Generating Erdős-Rényi test graphs...
Total graphs generated: 10
Generating Barabási-Albert test graphs...
Total graphs generated: 10
Generating non-complete regular graphs (ensuring uniqueness)...
  Attempting to generate 10 unique graphs for N=40, k=2...
  Warning: Only 1/10 unique graphs found for N=40, k=2.
  Attempting to generate 10 unique graphs for N=40, k=10...
  Warning: Only 1/10 unique graphs found for N=40, k=10.
  Attempting to generate 10 unique graphs for N=40, k=20...
  Warning: Only 1/10 unique graphs found for N=40, k=20.

Total graphs generated: 3 (all distinct)
Generating Erdős-Rényi test graphs...
Total graphs generated: 10
Generating Barabási-Albert test graphs...
Total graphs generated: 10
Generating non-complete regular graphs (ensuring uniqueness)...
  Attempting to generate 10 unique graphs for N=50, k=2...
  Warning: Only 1/10 unique graphs found for N=50, k=2.
  Attempting to generate 10 unique graphs for N=50, k=12...
  Warning: Only 1/10 unique graphs found for N=50, k=12.
  Attempting to generate 10 unique graphs for N=50, k=25...
  Warning: Only 1/10 unique graphs found for N=50, k=25.

Total graphs generated: 3 (all distinct)
  t=4.6416 done
Generating Erdős-Rényi test graphs...
Total graphs generated: 10
Generating Barabási-Albert test graphs...
Total graphs generated: 10
Generating non-complete regular graphs (ensuring uniqueness)...
  Attempting to generate 10 unique graphs for N=4, k=2...
  Warning: Only 1/10 unique graphs found for N=4, k=2.

Total graphs generated: 1 (all distinct)
Generating Erdős-Rényi test graphs...
Total graphs generated: 10
Generating Barabási-Albert test graphs...
Total graphs generated: 10
Generating non-complete regular graphs (ensuring uniqueness)...
  Attempting to generate 10 unique graphs for N=10, k=2...
  Warning: Only 1/10 unique graphs found for N=10, k=2.
  Attempting to generate 10 unique graphs for N=10, k=5...
  Warning: Only 1/10 unique graphs found for N=10, k=5.

Total graphs generated: 2 (all distinct)
Generating Erdős-Rényi test graphs...
Total graphs generated: 10
Generating Barabási-Albert test graphs...
Total graphs generated: 10
Generating non-complete regular graphs (ensuring uniqueness)...
  Attempting to generate 10 unique graphs for N=20, k=2...
  Warning: Only 1/10 unique graphs found for N=20, k=2.
  Attempting to generate 10 unique graphs for N=20, k=5...
  Warning: Only 1/10 unique graphs found for N=20, k=5.
  Attempting to generate 10 unique graphs for N=20, k=10...
  Warning: Only 1/10 unique graphs found for N=20, k=10.

Total graphs generated: 3 (all distinct)
Generating Erdős-Rényi test graphs...
Total graphs generated: 10
Generating Barabási-Albert test graphs...
Total graphs generated: 10
Generating non-complete regular graphs (ensuring uniqueness)...
  Attempting to generate 10 unique graphs for N=30, k=2...
  Warning: Only 1/10 unique graphs found for N=30, k=2.
  Attempting to generate 10 unique graphs for N=30, k=7...
  Warning: Only 1/10 unique graphs found for N=30, k=7.
  Attempting to generate 10 unique graphs for N=30, k=15...
  Warning: Only 1/10 unique graphs found for N=30, k=15.

Total graphs generated: 3 (all distinct)
Generating Erdős-Rényi test graphs...
Total graphs generated: 10
Generating Barabási-Albert test graphs...
Total graphs generated: 10
Generating non-complete regular graphs (ensuring uniqueness)...
  Attempting to generate 10 unique graphs for N=40, k=2...
  Warning: Only 1/10 unique graphs found for N=40, k=2.
  Attempting to generate 10 unique graphs for N=40, k=10...
  Warning: Only 1/10 unique graphs found for N=40, k=10.
  Attempting to generate 10 unique graphs for N=40, k=20...
  Warning: Only 1/10 unique graphs found for N=40, k=20.

Total graphs generated: 3 (all distinct)
Generating Erdős-Rényi test graphs...
Total graphs generated: 10
Generating Barabási-Albert test graphs...
Total graphs generated: 10
Generating non-complete regular graphs (ensuring uniqueness)...
  Attempting to generate 10 unique graphs for N=50, k=2...
  Warning: Only 1/10 unique graphs found for N=50, k=2.
  Attempting to generate 10 unique graphs for N=50, k=12...
  Warning: Only 1/10 unique graphs found for N=50, k=12.
  Attempting to generate 10 unique graphs for N=50, k=25...
  Warning: Only 1/10 unique graphs found for N=50, k=25.

Total graphs generated: 3 (all distinct)
  t=6.8129 done
Generating Erdős-Rényi test graphs...
Total graphs generated: 10
Generating Barabási-Albert test graphs...
Total graphs generated: 10
Generating non-complete regular graphs (ensuring uniqueness)...
  Attempting to generate 10 unique graphs for N=4, k=2...
  Warning: Only 1/10 unique graphs found for N=4, k=2.

Total graphs generated: 1 (all distinct)
Generating Erdős-Rényi test graphs...
Total graphs generated: 10
Generating Barabási-Albert test graphs...
Total graphs generated: 10
Generating non-complete regular graphs (ensuring uniqueness)...
  Attempting to generate 10 unique graphs for N=10, k=2...
  Warning: Only 1/10 unique graphs found for N=10, k=2.
  Attempting to generate 10 unique graphs for N=10, k=5...
  Warning: Only 1/10 unique graphs found for N=10, k=5.

Total graphs generated: 2 (all distinct)
Generating Erdős-Rényi test graphs...
Total graphs generated: 10
Generating Barabási-Albert test graphs...
Total graphs generated: 10
Generating non-complete regular graphs (ensuring uniqueness)...
  Attempting to generate 10 unique graphs for N=20, k=2...
  Warning: Only 1/10 unique graphs found for N=20, k=2.
  Attempting to generate 10 unique graphs for N=20, k=5...
  Warning: Only 1/10 unique graphs found for N=20, k=5.
  Attempting to generate 10 unique graphs for N=20, k=10...
  Warning: Only 1/10 unique graphs found for N=20, k=10.

Total graphs generated: 3 (all distinct)
Generating Erdős-Rényi test graphs...
Total graphs generated: 10
Generating Barabási-Albert test graphs...
Total graphs generated: 10
Generating non-complete regular graphs (ensuring uniqueness)...
  Attempting to generate 10 unique graphs for N=30, k=2...
  Warning: Only 1/10 unique graphs found for N=30, k=2.
  Attempting to generate 10 unique graphs for N=30, k=7...
  Warning: Only 1/10 unique graphs found for N=30, k=7.
  Attempting to generate 10 unique graphs for N=30, k=15...
  Warning: Only 1/10 unique graphs found for N=30, k=15.

Total graphs generated: 3 (all distinct)
Generating Erdős-Rényi test graphs...
Total graphs generated: 10
Generating Barabási-Albert test graphs...
Total graphs generated: 10
Generating non-complete regular graphs (ensuring uniqueness)...
  Attempting to generate 10 unique graphs for N=40, k=2...
  Warning: Only 1/10 unique graphs found for N=40, k=2.
  Attempting to generate 10 unique graphs for N=40, k=10...
  Warning: Only 1/10 unique graphs found for N=40, k=10.
  Attempting to generate 10 unique graphs for N=40, k=20...
  Warning: Only 1/10 unique graphs found for N=40, k=20.

Total graphs generated: 3 (all distinct)
Generating Erdős-Rényi test graphs...
Total graphs generated: 10
Generating Barabási-Albert test graphs...
Total graphs generated: 10
Generating non-complete regular graphs (ensuring uniqueness)...
  Attempting to generate 10 unique graphs for N=50, k=2...
  Warning: Only 1/10 unique graphs found for N=50, k=2.
  Attempting to generate 10 unique graphs for N=50, k=12...
  Warning: Only 1/10 unique graphs found for N=50, k=12.
  Attempting to generate 10 unique graphs for N=50, k=25...
  Warning: Only 1/10 unique graphs found for N=50, k=25.

Total graphs generated: 3 (all distinct)
  t=10.0000 done
Done. figure_equiv_vs_t.pdf saved.
